{ socket: 
   { bufferSize: 0,
     fd: 7,
     type: 'tcp4',
     allowHalfOpen: true,
     _readWatcher: 
      { socket: [Circular],
        callback: [Function: onReadable] },
     readable: true,
     _writeQueue: [],
     _writeQueueEncoding: [],
     _writeQueueFD: [],
     _writeQueueCallbacks: [],
     _writeWatcher: 
      { socket: [Circular],
        callback: [Function: onWritable] },
     writable: true,
     _writeImpl: [Function],
     _readImpl: [Function],
     _shutdownImpl: [Function],
     remoteAddress: '127.0.0.1',
     remotePort: 58397,
     server: 
      { config: {},
        settings: [Object],
        redirects: {},
        isCallbacks: {},
        viewHelpers: {},
        dynamicViewHelpers: {},
        errorHandlers: [],
        stack: [Object],
        connections: 2,
        allowHalfOpen: true,
        watcher: [Object],
        _events: [Object],
        httpAllowHalfOpen: false,
        showVersion: false,
        routes: [Object],
        router: [Getter],
        __usedRouter: true,
        type: 'tcp4',
        fd: 5 },
     ondrain: [Function],
     _idleTimeout: 120000,
     _idleNext: 
      { repeat: 120,
        _idleNext: [Object],
        _idlePrev: [Circular],
        callback: [Function] },
     _idlePrev: 
      { bufferSize: 0,
        fd: 9,
        type: 'tcp4',
        allowHalfOpen: true,
        _readWatcher: [Object],
        readable: true,
        _writeQueue: [],
        _writeQueueEncoding: [],
        _writeQueueFD: [],
        _writeQueueCallbacks: [],
        _writeWatcher: [Object],
        writable: true,
        _writeImpl: [Function],
        _readImpl: [Function],
        _shutdownImpl: [Function],
        remoteAddress: '127.0.0.1',
        remotePort: 58399,
        server: [Object],
        ondrain: [Function],
        _idleTimeout: 120000,
        _idleNext: [Circular],
        _idlePrev: [Object],
        _idleStart: Mon, 28 Feb 2011 05:09:27 GMT,
        _events: [Object],
        ondata: [Function],
        onend: [Function] },
     _idleStart: Mon, 28 Feb 2011 05:09:27 GMT,
     _events: 
      { timeout: [Function],
        error: [Function],
        close: [Function] },
     ondata: [Function],
     onend: [Function],
     _httpMessage: 
      { output: [],
        outputEncodings: [],
        writable: true,
        _last: false,
        chunkedEncoding: false,
        shouldKeepAlive: true,
        useChunkedEncodingByDefault: true,
        _hasBody: true,
        _trailer: '',
        finished: false,
        socket: [Circular],
        connection: [Circular],
        _events: [Object],
        headers: [Object],
        app: [Object],
        req: [Circular] } },
  connection: 
   { bufferSize: 0,
     fd: 7,
     type: 'tcp4',
     allowHalfOpen: true,
     _readWatcher: 
      { socket: [Circular],
        callback: [Function: onReadable] },
     readable: true,
     _writeQueue: [],
     _writeQueueEncoding: [],
     _writeQueueFD: [],
     _writeQueueCallbacks: [],
     _writeWatcher: 
      { socket: [Circular],
        callback: [Function: onWritable] },
     writable: true,
     _writeImpl: [Function],
     _readImpl: [Function],
     _shutdownImpl: [Function],
     remoteAddress: '127.0.0.1',
     remotePort: 58397,
     server: 
      { config: {},
        settings: [Object],
        redirects: {},
        isCallbacks: {},
        viewHelpers: {},
        dynamicViewHelpers: {},
        errorHandlers: [],
        stack: [Object],
        connections: 2,
        allowHalfOpen: true,
        watcher: [Object],
        _events: [Object],
        httpAllowHalfOpen: false,
        showVersion: false,
        routes: [Object],
        router: [Getter],
        __usedRouter: true,
        type: 'tcp4',
        fd: 5 },
     ondrain: [Function],
     _idleTimeout: 120000,
     _idleNext: 
      { repeat: 120,
        _idleNext: [Object],
        _idlePrev: [Circular],
        callback: [Function] },
     _idlePrev: 
      { bufferSize: 0,
        fd: 9,
        type: 'tcp4',
        allowHalfOpen: true,
        _readWatcher: [Object],
        readable: true,
        _writeQueue: [],
        _writeQueueEncoding: [],
        _writeQueueFD: [],
        _writeQueueCallbacks: [],
        _writeWatcher: [Object],
        writable: true,
        _writeImpl: [Function],
        _readImpl: [Function],
        _shutdownImpl: [Function],
        remoteAddress: '127.0.0.1',
        remotePort: 58399,
        server: [Object],
        ondrain: [Function],
        _idleTimeout: 120000,
        _idleNext: [Circular],
        _idlePrev: [Object],
        _idleStart: Mon, 28 Feb 2011 05:09:27 GMT,
        _events: [Object],
        ondata: [Function],
        onend: [Function] },
     _idleStart: Mon, 28 Feb 2011 05:09:27 GMT,
     _events: 
      { timeout: [Function],
        error: [Function],
        close: [Function] },
     ondata: [Function],
     onend: [Function],
     _httpMessage: 
      { output: [],
        outputEncodings: [],
        writable: true,
        _last: false,
        chunkedEncoding: false,
        shouldKeepAlive: true,
        useChunkedEncodingByDefault: true,
        _hasBody: true,
        _trailer: '',
        finished: false,
        socket: [Circular],
        connection: [Circular],
        _events: [Object],
        headers: [Object],
        app: [Object],
        req: [Circular] } },
  httpVersion: '1.1',
  complete: true,
  headers: 
   { host: 'localhost:3000',
     connection: 'keep-alive',
     'cache-control': 'max-age=0',
     accept: 'application/xml,application/xhtml+xml,text/html;q=0.9,text/plain;q=0.8,image/png,*/*;q=0.5',
     'user-agent': 'Mozilla/5.0 (X11; U; Linux i686; en-US) AppleWebKit/534.13 (KHTML, like Gecko) Chrome/9.0.597.98 Safari/534.13',
     'accept-encoding': 'gzip,deflate,sdch',
     'accept-language': 'en-GB,en-US;q=0.8,en;q=0.6',
     'accept-charset': 'ISO-8859-1,utf-8;q=0.7,*;q=0.3' },
  trailers: {},
  readable: true,
  url: '/data/32f9cfb4c27d9e13a428d490efa135e8',
  method: 'GET',
  statusCode: null,
  client: 
   { bufferSize: 0,
     fd: 7,
     type: 'tcp4',
     allowHalfOpen: true,
     _readWatcher: 
      { socket: [Circular],
        callback: [Function: onReadable] },
     readable: true,
     _writeQueue: [],
     _writeQueueEncoding: [],
     _writeQueueFD: [],
     _writeQueueCallbacks: [],
     _writeWatcher: 
      { socket: [Circular],
        callback: [Function: onWritable] },
     writable: true,
     _writeImpl: [Function],
     _readImpl: [Function],
     _shutdownImpl: [Function],
     remoteAddress: '127.0.0.1',
     remotePort: 58397,
     server: 
      { config: {},
        settings: [Object],
        redirects: {},
        isCallbacks: {},
        viewHelpers: {},
        dynamicViewHelpers: {},
        errorHandlers: [],
        stack: [Object],
        connections: 2,
        allowHalfOpen: true,
        watcher: [Object],
        _events: [Object],
        httpAllowHalfOpen: false,
        showVersion: false,
        routes: [Object],
        router: [Getter],
        __usedRouter: true,
        type: 'tcp4',
        fd: 5 },
     ondrain: [Function],
     _idleTimeout: 120000,
     _idleNext: 
      { repeat: 120,
        _idleNext: [Object],
        _idlePrev: [Circular],
        callback: [Function] },
     _idlePrev: 
      { bufferSize: 0,
        fd: 9,
        type: 'tcp4',
        allowHalfOpen: true,
        _readWatcher: [Object],
        readable: true,
        _writeQueue: [],
        _writeQueueEncoding: [],
        _writeQueueFD: [],
        _writeQueueCallbacks: [],
        _writeWatcher: [Object],
        writable: true,
        _writeImpl: [Function],
        _readImpl: [Function],
        _shutdownImpl: [Function],
        remoteAddress: '127.0.0.1',
        remotePort: 58399,
        server: [Object],
        ondrain: [Function],
        _idleTimeout: 120000,
        _idleNext: [Circular],
        _idlePrev: [Object],
        _idleStart: Mon, 28 Feb 2011 05:09:27 GMT,
        _events: [Object],
        ondata: [Function],
        onend: [Function] },
     _idleStart: Mon, 28 Feb 2011 05:09:27 GMT,
     _events: 
      { timeout: [Function],
        error: [Function],
        close: [Function] },
     ondata: [Function],
     onend: [Function],
     _httpMessage: 
      { output: [],
        outputEncodings: [],
        writable: true,
        _last: false,
        chunkedEncoding: false,
        shouldKeepAlive: true,
        useChunkedEncodingByDefault: true,
        _hasBody: true,
        _trailer: '',
        finished: false,
        socket: [Circular],
        connection: [Circular],
        _events: [Object],
        headers: [Object],
        app: [Object],
        req: [Circular] } },
  httpVersionMajor: 1,
  httpVersionMinor: 1,
  upgrade: false,
  originalUrl: '/data/32f9cfb4c27d9e13a428d490efa135e8',
  query: {},
  app: 
   { config: {},
     settings: { home: '/', env: 'development' },
     redirects: {},
     isCallbacks: {},
     viewHelpers: {},
     dynamicViewHelpers: {},
     errorHandlers: [],
     stack: 
      [ [Object],
        [Object],
        [Object],
        [Object],
        [Object],
        [Object] ],
     connections: 2,
     allowHalfOpen: true,
     watcher: { host: [Circular], callback: [Function] },
     _events: 
      { request: [Function],
        connection: [Function: connectionListener] },
     httpAllowHalfOpen: false,
     showVersion: false,
     routes: 
      { get: [Function],
        head: [Function],
        post: [Function],
        put: [Function],
        delete: [Function],
        connect: [Function],
        options: [Function],
        trace: [Function],
        copy: [Function],
        lock: [Function],
        mkcol: [Function],
        move: [Function],
        propfind: [Function],
        proppatch: [Function],
        unlock: [Function],
        report: [Function],
        mkactivity: [Function],
        checkout: [Function],
        merge: [Function],
        del: [Function],
        all: [Function],
        param: [Function] },
     router: [Getter],
     __usedRouter: true,
     type: 'tcp4',
     fd: 5 },
  res: 
   { output: [],
     outputEncodings: [],
     writable: true,
     _last: false,
     chunkedEncoding: false,
     shouldKeepAlive: true,
     useChunkedEncodingByDefault: true,
     _hasBody: true,
     _trailer: '',
     finished: false,
     socket: 
      { bufferSize: 0,
        fd: 7,
        type: 'tcp4',
        allowHalfOpen: true,
        _readWatcher: [Object],
        readable: true,
        _writeQueue: [],
        _writeQueueEncoding: [],
        _writeQueueFD: [],
        _writeQueueCallbacks: [],
        _writeWatcher: [Object],
        writable: true,
        _writeImpl: [Function],
        _readImpl: [Function],
        _shutdownImpl: [Function],
        remoteAddress: '127.0.0.1',
        remotePort: 58397,
        server: [Object],
        ondrain: [Function],
        _idleTimeout: 120000,
        _idleNext: [Object],
        _idlePrev: [Object],
        _idleStart: Mon, 28 Feb 2011 05:09:27 GMT,
        _events: [Object],
        ondata: [Function],
        onend: [Function],
        _httpMessage: [Circular] },
     connection: 
      { bufferSize: 0,
        fd: 7,
        type: 'tcp4',
        allowHalfOpen: true,
        _readWatcher: [Object],
        readable: true,
        _writeQueue: [],
        _writeQueueEncoding: [],
        _writeQueueFD: [],
        _writeQueueCallbacks: [],
        _writeWatcher: [Object],
        writable: true,
        _writeImpl: [Function],
        _readImpl: [Function],
        _shutdownImpl: [Function],
        remoteAddress: '127.0.0.1',
        remotePort: 58397,
        server: [Object],
        ondrain: [Function],
        _idleTimeout: 120000,
        _idleNext: [Object],
        _idlePrev: [Object],
        _idleStart: Mon, 28 Feb 2011 05:09:27 GMT,
        _events: [Object],
        ondata: [Function],
        onend: [Function],
        _httpMessage: [Circular] },
     _events: { finish: [Function] },
     headers: 
      { 'X-Powered-By': 'Express',
        'Content-Type': 'application/json' },
     app: 
      { config: {},
        settings: [Object],
        redirects: {},
        isCallbacks: {},
        viewHelpers: {},
        dynamicViewHelpers: {},
        errorHandlers: [],
        stack: [Object],
        connections: 2,
        allowHalfOpen: true,
        watcher: [Object],
        _events: [Object],
        httpAllowHalfOpen: false,
        showVersion: false,
        routes: [Object],
        router: [Getter],
        __usedRouter: true,
        type: 'tcp4',
        fd: 5 },
     req: [Circular] },
  next: [Function: next],
  _route_index: 0,
  params: 
   [ id: '32f9cfb4c27d9e13a428d490efa135e8',
     rev: undefined ] }